<?xml version="1.0" encoding="UTF-8"?>
<testsuite xmlns:xsi="http://www.w3.org/2001/XMLSchema-instance" xsi:noNamespaceSchemaLocation="https://maven.apache.org/surefire/maven-surefire-plugin/xsd/surefire-test-report.xsd" name="org.adaschool.tdd.MongoWeatherServiceTest" time="4.395" tests="3" errors="1" skipped="0" failures="2">
  <properties>
[...]
</properties>
  <testcase name="weatherReportIdNotFoundTest" classname="org.adaschool.tdd.MongoWeatherServiceTest" time="0.062">
    <failure message="Unexpected exception type thrown ==&gt; expected: &lt;org.adaschool.tdd.exception.WeatherReportNotFoundException&gt; but was: &lt;java.lang.RuntimeException&gt;" type="org.opentest4j.AssertionFailedError"><![CDATA[org.opentest4j.AssertionFailedError: Unexpected exception type thrown ==> expected: <org.adaschool.tdd.exception.WeatherReportNotFoundException> but was: <java.lang.RuntimeException>
	at org.adaschool.tdd.MongoWeatherServiceTest.weatherReportIdNotFoundTest(MongoWeatherServiceTest.java:68)
Caused by: java.lang.RuntimeException: Implement this method
	at org.adaschool.tdd.MongoWeatherServiceTest.lambda$weatherReportIdNotFoundTest$0(MongoWeatherServiceTest.java:69)
	at org.adaschool.tdd.MongoWeatherServiceTest.weatherReportIdNotFoundTest(MongoWeatherServiceTest.java:68)
]]></failure>
    <system-out><![CDATA[2021-09-16 14:04:32.055  INFO 13448 --- [           main] .b.t.c.SpringBootTestContextBootstrapper : Neither @ContextConfiguration nor @ContextHierarchy found for test class [org.adaschool.tdd.MongoWeatherServiceTest], using SpringBootContextLoader
2021-09-16 14:04:32.057  INFO 13448 --- [           main] o.s.t.c.support.AbstractContextLoader    : Could not detect default resource locations for test class [org.adaschool.tdd.MongoWeatherServiceTest]: no resource found for suffixes {-context.xml, Context.groovy}.
2021-09-16 14:04:32.057  INFO 13448 --- [           main] t.c.s.AnnotationConfigContextLoaderUtils : Could not detect default configuration classes for test class [org.adaschool.tdd.MongoWeatherServiceTest]: MongoWeatherServiceTest does not declare any static, non-private, non-final, nested classes annotated with @Configuration.
2021-09-16 14:04:32.068  INFO 13448 --- [           main] .b.t.c.SpringBootTestContextBootstrapper : Found @SpringBootConfiguration org.adaschool.tdd.TddApplication for test class org.adaschool.tdd.MongoWeatherServiceTest
2021-09-16 14:04:32.078  INFO 13448 --- [           main] .b.t.c.SpringBootTestContextBootstrapper : Loaded default TestExecutionListener class names from location [META-INF/spring.factories]: [org.springframework.boot.test.mock.mockito.MockitoTestExecutionListener, org.springframework.boot.test.mock.mockito.ResetMocksTestExecutionListener, org.springframework.boot.test.autoconfigure.restdocs.RestDocsTestExecutionListener, org.springframework.boot.test.autoconfigure.web.client.MockRestServiceServerResetTestExecutionListener, org.springframework.boot.test.autoconfigure.web.servlet.MockMvcPrintOnlyOnFailureTestExecutionListener, org.springframework.boot.test.autoconfigure.web.servlet.WebDriverTestExecutionListener, org.springframework.boot.test.autoconfigure.webservices.client.MockWebServiceServerTestExecutionListener, org.springframework.test.context.web.ServletTestExecutionListener, org.springframework.test.context.support.DirtiesContextBeforeModesTestExecutionListener, org.springframework.test.context.event.ApplicationEventsTestExecutionListener, org.springframework.test.context.support.DependencyInjectionTestExecutionListener, org.springframework.test.context.support.DirtiesContextTestExecutionListener, org.springframework.test.context.transaction.TransactionalTestExecutionListener, org.springframework.test.context.jdbc.SqlScriptsTestExecutionListener, org.springframework.test.context.event.EventPublishingTestExecutionListener]
2021-09-16 14:04:32.088  INFO 13448 --- [           main] .b.t.c.SpringBootTestContextBootstrapper : Using TestExecutionListeners: [org.springframework.test.context.web.ServletTestExecutionListener@1e54a6b1, org.springframework.test.context.support.DirtiesContextBeforeModesTestExecutionListener@f238e4f, org.springframework.test.context.event.ApplicationEventsTestExecutionListener@3b24087d, org.springframework.boot.test.mock.mockito.MockitoTestExecutionListener@75fe1619, org.springframework.boot.test.autoconfigure.SpringBootDependencyInjectionTestExecutionListener@4e245739, org.springframework.test.context.support.DirtiesContextTestExecutionListener@5d66e944, org.springframework.test.context.transaction.TransactionalTestExecutionListener@469a7575, org.springframework.test.context.jdbc.SqlScriptsTestExecutionListener@4351ed61, org.springframework.test.context.event.EventPublishingTestExecutionListener@2f20f7ad, org.springframework.boot.test.mock.mockito.ResetMocksTestExecutionListener@45e617c4, org.springframework.boot.test.autoconfigure.restdocs.RestDocsTestExecutionListener@5042e3d0, org.springframework.boot.test.autoconfigure.web.client.MockRestServiceServerResetTestExecutionListener@1c34365c, org.springframework.boot.test.autoconfigure.web.servlet.MockMvcPrintOnlyOnFailureTestExecutionListener@348137e8, org.springframework.boot.test.autoconfigure.web.servlet.WebDriverTestExecutionListener@412c5e8b, org.springframework.boot.test.autoconfigure.webservices.client.MockWebServiceServerTestExecutionListener@637791d]

  .   ____          _            __ _ _
 /\\ / ___'_ __ _ _(_)_ __  __ _ \ \ \ \
( ( )\___ | '_ | '_| | '_ \/ _` | \ \ \ \
 \\/  ___)| |_)| | | | | || (_| |  ) ) ) )
  '  |____| .__|_| |_|_| |_\__, | / / / /
 =========|_|==============|___/=/_/_/_/
 :: Spring Boot ::                (v2.5.4)

2021-09-16 14:04:32.222  INFO 13448 --- [           main] o.adaschool.tdd.MongoWeatherServiceTest  : Starting MongoWeatherServiceTest using Java 1.8.0_202 on DESKTOP-BI8NTOV with PID 13448 (started by Usuario in D:\David ECI\10 SEMESTRE\IETI\LABORATORIO\5 SEMANA\spring-boot-tdd-DavidRivera)
2021-09-16 14:04:32.222  INFO 13448 --- [           main] o.adaschool.tdd.MongoWeatherServiceTest  : No active profile set, falling back to default profiles: default
2021-09-16 14:04:32.821  INFO 13448 --- [           main] .s.d.r.c.RepositoryConfigurationDelegate : Bootstrapping Spring Data MongoDB repositories in DEFAULT mode.
2021-09-16 14:04:32.860  INFO 13448 --- [           main] .s.d.r.c.RepositoryConfigurationDelegate : Finished Spring Data repository scanning in 36 ms. Found 1 MongoDB repository interfaces.
2021-09-16 14:04:33.264  INFO 13448 --- [           main] org.mongodb.driver.cluster               : Cluster created with settings {hosts=[localhost:27017], mode=SINGLE, requiredClusterType=UNKNOWN, serverSelectionTimeout='30000 ms'}
2021-09-16 14:04:35.243  INFO 13448 --- [           main] o.adaschool.tdd.MongoWeatherServiceTest  : Started MongoWeatherServiceTest in 3.129 seconds (JVM running for 22.94)
2021-09-16 14:04:35.364  INFO 13448 --- [localhost:27017] org.mongodb.driver.cluster               : Exception in monitor thread while connecting to server localhost:27017

com.mongodb.MongoSocketOpenException: Exception opening socket
	at com.mongodb.internal.connection.SocketStream.open(SocketStream.java:70) ~[mongodb-driver-core-4.2.3.jar:na]
	at com.mongodb.internal.connection.InternalStreamConnection.open(InternalStreamConnection.java:143) ~[mongodb-driver-core-4.2.3.jar:na]
	at com.mongodb.internal.connection.DefaultServerMonitor$ServerMonitorRunnable.lookupServerDescription(DefaultServerMonitor.java:188) ~[mongodb-driver-core-4.2.3.jar:na]
	at com.mongodb.internal.connection.DefaultServerMonitor$ServerMonitorRunnable.run(DefaultServerMonitor.java:144) ~[mongodb-driver-core-4.2.3.jar:na]
	at java.lang.Thread.run(Thread.java:748) [na:1.8.0_202]
Caused by: java.net.ConnectException: Connection refused: connect
	at java.net.DualStackPlainSocketImpl.waitForConnect(Native Method) ~[na:1.8.0_202]
	at java.net.DualStackPlainSocketImpl.socketConnect(DualStackPlainSocketImpl.java:85) ~[na:1.8.0_202]
	at java.net.AbstractPlainSocketImpl.doConnect(AbstractPlainSocketImpl.java:350) ~[na:1.8.0_202]
	at java.net.AbstractPlainSocketImpl.connectToAddress(AbstractPlainSocketImpl.java:206) ~[na:1.8.0_202]
	at java.net.AbstractPlainSocketImpl.connect(AbstractPlainSocketImpl.java:188) ~[na:1.8.0_202]
	at java.net.PlainSocketImpl.connect(PlainSocketImpl.java:172) ~[na:1.8.0_202]
	at java.net.SocksSocketImpl.connect(SocksSocketImpl.java:392) ~[na:1.8.0_202]
	at java.net.Socket.connect(Socket.java:589) ~[na:1.8.0_202]
	at com.mongodb.internal.connection.SocketStreamHelper.initialize(SocketStreamHelper.java:107) ~[mongodb-driver-core-4.2.3.jar:na]
	at com.mongodb.internal.connection.SocketStream.initializeSocket(SocketStream.java:79) ~[mongodb-driver-core-4.2.3.jar:na]
	at com.mongodb.internal.connection.SocketStream.open(SocketStream.java:65) ~[mongodb-driver-core-4.2.3.jar:na]
	... 4 common frames omitted

]]></system-out>
  </testcase>
  <testcase name="weatherReportIdFoundTest" classname="org.adaschool.tdd.MongoWeatherServiceTest" time="0.018">
    <error message="Implement this method" type="java.lang.RuntimeException">java.lang.RuntimeException: Implement this method
	at org.adaschool.tdd.MongoWeatherServiceTest.weatherReportIdFoundTest(MongoWeatherServiceTest.java:59)
</error>
  </testcase>
  <testcase name="createWeatherReportCallsSaveOnRepository" classname="org.adaschool.tdd.MongoWeatherServiceTest" time="0.051">
    <failure message="&#10;Wanted but not invoked:&#10;repository.save(&#10;    &lt;any org.adaschool.tdd.repository.document.WeatherReport&gt;&#10;);&#10;-&gt; at org.adaschool.tdd.MongoWeatherServiceTest.createWeatherReportCallsSaveOnRepository(MongoWeatherServiceTest.java:47)&#10;Actually, there were zero interactions with this mock.&#10;" type="org.mockito.exceptions.verification.WantedButNotInvoked"><![CDATA[org.mockito.exceptions.verification.WantedButNotInvoked: 

Wanted but not invoked:
repository.save(
    <any org.adaschool.tdd.repository.document.WeatherReport>
);
-> at org.adaschool.tdd.MongoWeatherServiceTest.createWeatherReportCallsSaveOnRepository(MongoWeatherServiceTest.java:47)
Actually, there were zero interactions with this mock.

	at org.adaschool.tdd.MongoWeatherServiceTest.createWeatherReportCallsSaveOnRepository(MongoWeatherServiceTest.java:47)
]]></failure>
  </testcase>
</testsuite>